<?xml version="1.0" encoding="UTF-8"?>
<testng-results ignored="0" total="1" passed="1" failed="0" skipped="0">
  <reporter-output>
  </reporter-output>
  <suite started-at="2022-02-15T16:42:56 CST" name="Default suite" finished-at="2022-02-15T16:42:56 CST" duration-ms="30">
    <groups>
    </groups>
    <test started-at="2022-02-15T16:42:56 CST" name="Default test" finished-at="2022-02-15T16:42:56 CST" duration-ms="30">
      <class name="Com.JavaProject.Runner_Calculator">
        <test-method signature="validateData()[pri:1, instance:Com.JavaProject.Runner_Calculator@561b6512]" started-at="2022-02-15T16:42:56 CST" name="validateData" description="to find the sum of thevalue" finished-at="2022-02-15T16:42:56 CST" duration-ms="7" status="PASS">
          <reporter-output>
          </reporter-output>
        </test-method> <!-- validateData -->
      </class> <!-- Com.JavaProject.Runner_Calculator -->
    </test> <!-- Default test -->
  </suite> <!-- Default suite -->
</testng-results>
